msieweke Thu May 13 17:23:31 EDT 2004
msieweke Thu May 20 14:15:40 EDT 2004
msieweke Thu May 20 14:16:18 EDT 2004
msieweke Thu May 20 14:18:58 EDT 2004
msieweke Tue Jun  8 12:41:38 EDT 2004
msieweke Tue Jun  8 12:56:38 EDT 2004
msieweke Tue Jun  8 12:56:50 EDT 2004
msieweke Tue Jun  8 14:47:06 EDT 2004
msieweke Tue Jun  8 17:28:37 EDT 2004
msieweke Tue Jun  8 17:28:57 EDT 2004
msieweke Tue Jun  8 17:35:05 EDT 2004
msieweke Tue Jun  8 17:37:52 EDT 2004
msieweke Tue Jun  8 17:42:21 EDT 2004
msieweke Wed Jun  9 11:25:17 EDT 2004
msieweke Wed Jun 23 12:44:24 EDT 2004
msieweke Fri Jun 25 15:26:19 EDT 2004
msieweke Fri Jun 25 15:31:38 EDT 2004
msieweke Mon Jun 28 15:45:58 EDT 2004
msieweke Mon Jun 28 18:38:30 EDT 2004
msieweke Wed Jun 30 16:13:51 EDT 2004
msieweke Thu Jul  1 16:05:35 EDT 2004
msieweke Thu Jul  1 16:05:55 EDT 2004
msieweke Tue Jul  6 15:09:23 EDT 2004
msieweke Tue Jul  6 15:46:30 EDT 2004
msieweke Tue Jul  6 18:23:29 EDT 2004
msieweke Wed Jul  7 14:53:11 EDT 2004
msieweke Wed Jul  7 18:00:40 EDT 2004
msieweke Thu Jul  8 18:09:44 EDT 2004
msieweke Thu Jul  8 18:21:06 EDT 2004
msieweke Mon Jul 12 14:44:06 EDT 2004
msieweke Wed Jul 14 10:47:43 EDT 2004
msieweke Wed Jul 14 14:57:43 EDT 2004
msieweke Wed Jul 14 16:33:12 EDT 2004
msieweke Wed Jul 14 16:46:42 EDT 2004
msieweke Wed Jul 14 17:50:04 EDT 2004
msieweke Thu Jul 15 14:55:57 EDT 2004
msieweke Thu Jul 15 15:34:25 EDT 2004
msieweke Thu Jul 15 16:12:41 EDT 2004
msieweke Thu Jul 15 16:13:17 EDT 2004
msieweke Thu Jul 15 16:31:19 EDT 2004
msieweke Thu Jul 15 16:41:17 EDT 2004
msieweke Mon Jul 19 17:55:20 EDT 2004
msieweke Tue Jul 20 19:02:27 EDT 2004
msieweke Tue Jul 20 19:02:42 EDT 2004
msieweke Tue Jul 20 19:20:26 EDT 2004
msieweke Wed Jul 28 16:49:25 EDT 2004
msieweke Wed Jul 28 16:53:10 EDT 2004
msieweke Wed Jul 28 17:47:51 EDT 2004
msieweke Wed Jul 28 17:49:49 EDT 2004
msieweke Tue Aug  3 12:17:07 EDT 2004
msieweke Tue Aug  3 17:32:40 EDT 2004
msieweke Thu Aug  5 15:35:12 EDT 2004
msieweke Thu Aug  5 16:01:29 EDT 2004
msieweke Thu Aug  5 17:51:33 EDT 2004
msieweke Wed Aug 18 16:37:15 EDT 2004
msieweke Thu Aug 19 14:22:33 EDT 2004
msieweke Thu Aug 19 14:33:12 EDT 2004
msieweke Thu Aug 19 14:46:17 EDT 2004
msieweke Thu Aug 19 14:46:55 EDT 2004
msieweke Thu Aug 26 17:51:21 EDT 2004
msieweke Thu Aug 26 17:51:55 EDT 2004
msieweke Thu Aug 26 17:58:16 EDT 2004
msieweke Thu Aug 26 17:58:47 EDT 2004
msieweke Thu Aug 26 17:59:05 EDT 2004
msieweke Thu Aug 26 17:59:30 EDT 2004
msieweke Thu Sep  9 11:30:58 EDT 2004
msieweke Thu Sep  9 15:55:27 EDT 2004
msieweke Thu Sep  9 15:56:13 EDT 2004
msieweke Thu Sep  9 17:30:03 EDT 2004
msieweke Thu Sep  9 17:30:25 EDT 2004
msieweke Tue Sep 14 13:04:52 EDT 2004
msieweke Tue Sep 28 10:54:43 EDT 2004
msieweke Tue Sep 28 12:04:14 EDT 2004
msieweke Tue Sep 28 12:04:31 EDT 2004
msieweke Tue Sep 28 18:41:34 EDT 2004
msieweke Tue Sep 28 18:45:33 EDT 2004
msieweke Wed Sep 29 12:32:05 EDT 2004
msieweke Wed Sep 29 14:44:32 EDT 2004
msieweke Thu Sep 30 16:52:46 EDT 2004
msieweke Fri Oct  1 17:54:12 EDT 2004
sdunlap Wed Oct  6 14:57:07 EDT 2004
sdunlap Wed Oct  6 14:58:16 EDT 2004
fway Wed Oct  6 17:45:07 EDT 2004
fway Wed Oct  6 17:45:32 EDT 2004
fway Wed Oct  6 18:02:03 EDT 2004
fway Wed Oct  6 18:02:22 EDT 2004
sdunlap Thu Oct  7 09:52:02 EDT 2004
dpullen Wed Oct 13 09:57:03 EDT 2004
dpullen Wed Oct 13 10:10:52 EDT 2004
bryand Wed Oct 13 17:27:36 EDT 2004
sdunlap Fri Oct 15 10:31:14 EDT 2004
sdunlap Fri Oct 15 10:31:28 EDT 2004
sdunlap Fri Oct 15 13:12:24 EDT 2004
sdunlap Fri Oct 15 13:12:27 EDT 2004
fway Fri Oct 15 16:41:19 EDT 2004
fway Fri Oct 15 16:41:37 EDT 2004
fway Fri Oct 15 17:01:08 EDT 2004
fway Fri Oct 15 17:01:30 EDT 2004
fway Mon Oct 18 10:41:26 EDT 2004
fway Mon Oct 18 10:41:45 EDT 2004
fway Mon Oct 18 19:05:50 EDT 2004
fway Mon Oct 18 19:09:01 EDT 2004
fway Mon Oct 18 19:11:02 EDT 2004
fway Mon Oct 18 19:12:04 EDT 2004
fway Tue Oct 19 09:27:47 EDT 2004
fway Tue Oct 19 09:28:17 EDT 2004
fway Tue Oct 19 09:50:43 EDT 2004
fway Tue Oct 19 09:53:35 EDT 2004
fway Tue Oct 19 09:54:14 EDT 2004
sdunlap Wed Oct 20 15:05:27 EDT 2004
sdunlap Wed Oct 20 15:05:30 EDT 2004
sdunlap Wed Oct 20 15:11:43 EDT 2004
msieweke Thu Nov  4 11:54:41 EST 2004
sdunlap Tue Nov  9 12:14:10 EST 2004
sdunlap Tue Nov  9 12:24:07 EST 2004
fway Wed Nov 10 14:07:18 EST 2004
fway Wed Nov 10 14:07:49 EST 2004
fway Wed Nov 10 14:10:00 EST 2004
fway Wed Nov 10 14:10:28 EST 2004
fway Thu Nov 11 09:39:51 EST 2004
fway Thu Nov 11 09:54:11 EST 2004
sdunlap Thu Nov 18 12:52:27 EST 2004
sdunlap Thu Nov 18 12:52:44 EST 2004
sdunlap Thu Nov 18 13:45:15 EST 2004
msieweke Thu Nov 18 13:53:06 EST 2004
msieweke Thu Nov 18 14:05:19 EST 2004
sdunlap Thu Nov 18 14:06:54 EST 2004
bryand Tue Dec  7 15:50:52 EST 2004
sdunlap Thu Dec  9 13:05:39 EST 2004
bryand Thu Dec  9 13:22:13 EST 2004
msieweke Wed Dec 15 18:24:05 EST 2004
msieweke Wed Dec 15 18:25:03 EST 2004
msieweke Wed Dec 15 18:58:10 EST 2004
bryand Thu Dec 16 18:06:19 EST 2004
sdunlap Wed Dec 22 13:46:03 EST 2004
sdunlap Tue Jan  4 11:02:22 EST 2005
sdunlap Tue Jan 18 16:13:31 EST 2005
sdunlap Tue Jan 18 16:30:31 EST 2005
sdunlap Tue Jan 18 17:03:40 EST 2005
sdunlap Thu Jan 20 17:41:52 EST 2005
sdunlap Fri Jan 21 09:45:24 EST 2005
cschild Thu Jan 27 17:24:59 EST 2005
sdunlap Thu Feb  3 13:04:05 EST 2005
sdunlap Thu Feb  3 14:42:24 EST 2005
sdunlap Thu Feb  3 14:42:57 EST 2005
msieweke Wed Feb  9 14:16:01 EST 2005
cschild Fri Feb 18 17:52:24 EST 2005
fway Wed Feb 23 11:18:27 EST 2005
fway Wed Feb 23 11:18:34 EST 2005
fway Wed Feb 23 11:18:45 EST 2005
fway Wed Feb 23 11:30:58 EST 2005
fway Wed Feb 23 11:32:17 EST 2005
fway Wed Feb 23 11:33:05 EST 2005
fway Wed Feb 23 11:35:48 EST 2005
fway Wed Feb 23 11:36:40 EST 2005
fway Wed Feb 23 11:58:14 EST 2005
fway Wed Feb 23 11:58:30 EST 2005
fway Wed Feb 23 11:59:16 EST 2005
fway Wed Feb 23 13:04:06 EST 2005
msieweke Wed Feb 23 13:34:17 EST 2005
fway Wed Feb 23 14:47:17 EST 2005
fway Wed Feb 23 14:48:20 EST 2005
fway Wed Feb 23 14:48:30 EST 2005
fway Wed Feb 23 14:56:46 EST 2005
fway Wed Feb 23 15:07:49 EST 2005
fway Wed Feb 23 15:08:26 EST 2005
fway Thu Feb 24 13:30:58 EST 2005
fway Thu Feb 24 13:52:56 EST 2005
fway Thu Feb 24 15:15:11 EST 2005
msieweke Wed Mar  2 11:42:11 EST 2005
fway Thu Mar  3 16:02:30 EST 2005
fway Thu Mar  3 16:07:47 EST 2005
fway Thu Mar  3 16:19:26 EST 2005
fway Thu Mar 10 14:01:21 EST 2005
fway Thu Mar 10 15:31:25 EST 2005
msieweke Tue Mar 15 17:17:49 EST 2005
msieweke Tue Mar 15 17:27:55 EST 2005
fway Wed Mar 16 19:08:10 EST 2005
fway Wed Mar 16 19:08:42 EST 2005
fway Thu Mar 17 14:20:41 EST 2005
fway Thu Mar 17 14:22:50 EST 2005
fway Mon Mar 21 13:32:42 EST 2005
fway Mon Mar 21 13:36:26 EST 2005
fway Mon Mar 21 16:09:43 EST 2005
fway Mon Mar 21 16:11:06 EST 2005
fway Mon Mar 21 16:22:33 EST 2005
fway Tue Mar 22 11:15:38 EST 2005
fway Tue Mar 22 11:16:00 EST 2005
fway Tue Mar 22 13:38:23 EST 2005
fway Tue Mar 22 13:38:48 EST 2005
fway Tue Mar 22 13:42:34 EST 2005
fway Tue Mar 22 15:03:36 EST 2005
fway Tue Mar 22 15:03:58 EST 2005
fway Tue Mar 22 15:47:51 EST 2005
fway Tue Mar 22 15:53:03 EST 2005
fway Wed Mar 23 12:17:52 EST 2005
fway Wed Mar 23 12:19:22 EST 2005
fway Wed Mar 23 15:46:14 EST 2005
fway Wed Mar 23 15:46:58 EST 2005
fway Wed Mar 23 15:47:17 EST 2005
fway Wed Mar 23 15:49:03 EST 2005
fway Wed Mar 23 15:49:11 EST 2005
fway Wed Mar 23 16:15:06 EST 2005
fway Wed Mar 23 16:15:44 EST 2005
fway Sun Mar 27 16:18:59 EST 2005
fway Sun Mar 27 16:19:43 EST 2005
fway Sun Mar 27 16:44:03 EST 2005
fway Sun Mar 27 16:44:15 EST 2005
cschild Wed Apr  6 13:42:49 EDT 2005
bryand Thu Apr  7 15:40:59 EDT 2005
fway Mon Apr 11 14:03:54 EDT 2005
fway Mon Apr 11 14:04:49 EDT 2005
bryand Mon Apr 11 14:06:04 EDT 2005
bryand Mon Apr 11 14:06:38 EDT 2005
fway Mon Apr 11 16:33:13 EDT 2005
fway Mon Apr 11 16:33:23 EDT 2005
fway Mon Apr 11 16:33:44 EDT 2005
fway Mon Apr 11 16:33:50 EDT 2005
fway Tue Apr 12 09:58:22 EDT 2005
fway Tue Apr 12 09:58:29 EDT 2005
fway Tue Apr 12 09:58:53 EDT 2005
fway Tue Apr 12 13:53:41 EDT 2005
fway Tue Apr 12 14:02:48 EDT 2005
fway Tue Apr 12 14:03:44 EDT 2005
fway Tue Apr 12 14:04:11 EDT 2005
fway Tue Apr 12 14:04:32 EDT 2005
fway Tue Apr 12 14:05:08 EDT 2005
bryand Tue Apr 12 15:38:09 EDT 2005
bryand Tue Apr 12 16:22:13 EDT 2005
fway Wed Apr 13 16:43:54 EDT 2005
fway Wed Apr 13 16:44:06 EDT 2005
bryand Thu Apr 14 14:02:51 EDT 2005
bryand Thu Apr 14 14:15:48 EDT 2005
fway Fri Apr 15 15:25:07 EDT 2005
fway Fri Apr 15 15:37:51 EDT 2005
fway Fri Apr 15 15:45:03 EDT 2005
fway Fri Apr 15 15:58:13 EDT 2005
fway Fri Apr 15 15:58:24 EDT 2005
fway Fri Apr 15 16:07:09 EDT 2005
fway Fri Apr 15 16:13:49 EDT 2005
fway Fri Apr 15 16:47:37 EDT 2005
fway Fri Apr 15 16:47:47 EDT 2005
fway Fri Apr 15 16:57:20 EDT 2005
fway Fri Apr 15 16:57:29 EDT 2005
fway Fri Apr 15 17:04:48 EDT 2005
fway Fri Apr 15 17:04:59 EDT 2005
fway Fri Apr 15 17:12:18 EDT 2005
fway Fri Apr 15 17:12:23 EDT 2005
fway Wed Apr 20 16:00:56 EDT 2005
fway Wed Apr 20 16:01:02 EDT 2005
fway Wed Apr 20 16:01:37 EDT 2005
fway Wed Apr 20 16:01:47 EDT 2005
bryand Thu Apr 21 15:55:40 EDT 2005
fway Thu Apr 21 17:14:38 EDT 2005
fway Thu Apr 21 17:15:02 EDT 2005
fway Thu Apr 21 17:17:54 EDT 2005
fway Thu Apr 21 17:27:42 EDT 2005
fway Thu Apr 21 17:28:07 EDT 2005
fway Sun Apr 24 16:09:17 EDT 2005
fway Sun Apr 24 16:09:39 EDT 2005
fway Mon Apr 25 15:21:13 EDT 2005
fway Mon Apr 25 16:20:16 EDT 2005
fway Mon Apr 25 16:20:54 EDT 2005
fway Mon Apr 25 16:21:00 EDT 2005
fway Mon Apr 25 16:21:27 EDT 2005
fway Mon Apr 25 16:21:31 EDT 2005
fway Tue Apr 26 16:59:54 EDT 2005
fway Tue Apr 26 17:00:45 EDT 2005
fway Tue Apr 26 17:01:06 EDT 2005
fway Tue Apr 26 17:02:22 EDT 2005
fway Tue Apr 26 17:02:26 EDT 2005
fway Tue Apr 26 17:02:46 EDT 2005
fway Tue Apr 26 17:03:24 EDT 2005
sdunlap Wed May  4 15:22:28 EDT 2005
sdunlap Wed May  4 15:30:13 EDT 2005
sdunlap Thu May  5 11:29:26 EDT 2005
bryand Mon May  9 12:38:35 EDT 2005
bryand Mon May  9 12:48:15 EDT 2005
sdunlap Wed May 11 16:46:52 EDT 2005
sdunlap Wed May 11 16:51:03 EDT 2005
sdunlap Thu May 12 14:19:08 EDT 2005
sdunlap Thu May 12 14:24:50 EDT 2005
sdunlap Thu May 12 14:31:09 EDT 2005
sdunlap Mon May 16 15:49:50 EDT 2005
sdunlap Tue May 17 10:42:45 EDT 2005
sdunlap Tue May 17 13:02:23 EDT 2005
sdunlap Tue May 17 14:10:47 EDT 2005
sdunlap Tue May 17 14:16:07 EDT 2005
sdunlap Tue May 17 14:16:18 EDT 2005
sdunlap Tue May 17 14:16:43 EDT 2005
sdunlap Tue May 17 16:10:27 EDT 2005
sdunlap Wed May 18 11:16:02 EDT 2005
sdunlap Wed May 18 12:31:22 EDT 2005
dpullen Thu May 19 13:38:29 EDT 2005
sdunlap Wed May 25 11:26:31 EDT 2005
sdunlap Wed May 25 11:26:38 EDT 2005
sdunlap Tue May 31 14:08:39 EDT 2005
sdunlap Thu Jun 23 13:36:23 EDT 2005
sdunlap Wed Jun 29 15:22:57 EDT 2005
sdunlap Thu Jul  7 14:56:11 EDT 2005
kevinc Thu Jul  7 14:58:37 EDT 2005
kevinc Thu Jul  7 14:59:45 EDT 2005
fway Wed Jul 27 15:48:50 EDT 2005
fway Wed Jul 27 15:48:56 EDT 2005
fway Wed Jul 27 16:52:49 EDT 2005
fway Wed Jul 27 16:52:58 EDT 2005
fway Thu Jul 28 10:47:36 EDT 2005
fway Thu Jul 28 11:09:03 EDT 2005
fway Thu Jul 28 11:42:51 EDT 2005
fway Thu Jul 28 11:43:18 EDT 2005
fway Thu Jul 28 12:02:17 EDT 2005
fway Thu Jul 28 12:02:51 EDT 2005
fway Thu Jul 28 12:03:52 EDT 2005
fway Thu Jul 28 12:04:22 EDT 2005
fway Thu Jul 28 12:04:54 EDT 2005
fway Thu Jul 28 12:04:57 EDT 2005
fway Fri Jul 29 16:17:42 EDT 2005
fway Fri Jul 29 16:18:08 EDT 2005
fway Fri Jul 29 16:18:36 EDT 2005
fway Fri Jul 29 16:22:33 EDT 2005
fway Tue Aug  2 16:02:08 EDT 2005
fway Tue Aug  2 16:02:38 EDT 2005
fway Wed Aug 10 12:41:05 EDT 2005
fway Wed Aug 10 12:43:33 EDT 2005
fway Wed Aug 10 12:45:19 EDT 2005
fway Wed Aug 10 12:45:47 EDT 2005
fway Wed Aug 10 13:10:50 EDT 2005
fway Wed Aug 10 13:11:13 EDT 2005
fway Wed Aug 10 14:46:16 EDT 2005
fway Wed Aug 10 15:03:25 EDT 2005
fway Wed Aug 10 15:17:43 EDT 2005
fway Thu Aug 11 13:21:44 EDT 2005
fway Thu Aug 11 13:22:44 EDT 2005
fway Thu Aug 11 13:35:24 EDT 2005
fway Thu Aug 11 13:35:30 EDT 2005
fway Mon Aug 29 16:46:19 EDT 2005
fway Mon Aug 29 16:46:53 EDT 2005
fway Mon Aug 29 16:47:24 EDT 2005
fway Mon Aug 29 16:47:28 EDT 2005
fway Mon Aug 29 17:03:53 EDT 2005
fway Mon Aug 29 17:04:18 EDT 2005
fway Mon Aug 29 17:04:25 EDT 2005
fway Mon Aug 29 17:04:49 EDT 2005
fway Tue Aug 30 09:43:33 EDT 2005
fway Tue Aug 30 09:44:03 EDT 2005
fway Tue Aug 30 09:44:07 EDT 2005
fway Tue Aug 30 09:44:43 EDT 2005
fway Tue Aug 30 09:45:15 EDT 2005
fway Tue Aug 30 14:31:11 EDT 2005
fway Tue Aug 30 14:31:40 EDT 2005
fway Tue Aug 30 14:32:15 EDT 2005
fway Tue Aug 30 14:32:20 EDT 2005
fway Tue Aug 30 14:33:13 EDT 2005
fway Tue Aug 30 14:37:34 EDT 2005
fway Tue Aug 30 14:37:44 EDT 2005
fway Wed Aug 31 09:59:51 EDT 2005
fway Wed Aug 31 10:00:03 EDT 2005
fway Wed Aug 31 10:00:48 EDT 2005
fway Wed Aug 31 10:00:59 EDT 2005
fway Wed Aug 31 16:40:22 EDT 2005
fway Wed Aug 31 16:41:12 EDT 2005
fway Wed Aug 31 18:41:14 EDT 2005
fway Wed Aug 31 18:41:37 EDT 2005
fway Thu Sep  1 13:10:40 EDT 2005
fway Thu Sep  1 13:10:48 EDT 2005
fway Thu Sep  1 13:12:44 EDT 2005
fway Thu Sep  1 13:12:49 EDT 2005
fway Thu Sep  1 13:26:14 EDT 2005
fway Thu Sep  1 13:26:20 EDT 2005
fway Thu Sep  1 13:27:09 EDT 2005
fway Thu Sep  1 13:27:15 EDT 2005
fway Thu Sep  1 14:40:23 EDT 2005
fway Thu Sep  1 14:40:51 EDT 2005
fway Fri Sep  2 11:28:51 EDT 2005
fway Fri Sep  2 11:43:10 EDT 2005
fway Fri Sep  2 11:43:57 EDT 2005
fway Fri Sep  2 11:45:03 EDT 2005
fway Fri Sep  2 12:04:45 EDT 2005
fway Fri Sep  2 12:05:11 EDT 2005
fway Fri Sep  2 15:45:34 EDT 2005
fway Fri Sep  2 15:45:39 EDT 2005
fway Fri Sep  2 15:46:00 EDT 2005
fway Fri Sep  2 15:46:11 EDT 2005
fway Fri Sep  2 16:14:59 EDT 2005
fway Fri Sep  2 16:15:05 EDT 2005
fway Fri Sep  2 16:15:37 EDT 2005
fway Fri Sep  2 16:15:40 EDT 2005
fway Tue Sep  6 09:13:53 EDT 2005
fway Tue Sep  6 09:14:22 EDT 2005
fway Tue Sep  6 11:04:05 EDT 2005
fway Tue Sep  6 11:04:36 EDT 2005
fway Tue Sep  6 11:05:07 EDT 2005
fway Wed Sep  7 15:12:04 EDT 2005
fway Wed Sep  7 15:12:30 EDT 2005
fway Wed Sep  7 16:34:43 EDT 2005
fway Wed Sep  7 16:34:45 EDT 2005
fway Thu Sep  8 13:49:24 EDT 2005
fway Thu Sep  8 13:49:27 EDT 2005
fway Thu Sep  8 13:49:31 EDT 2005
fway Thu Sep  8 13:50:10 EDT 2005
fway Thu Sep  8 13:50:17 EDT 2005
fway Thu Sep  8 16:45:58 EDT 2005
fway Thu Sep  8 16:46:00 EDT 2005
fway Thu Sep  8 16:48:15 EDT 2005
fway Thu Sep  8 16:48:27 EDT 2005
fway Thu Sep  8 16:48:44 EDT 2005
fway Thu Sep  8 16:48:48 EDT 2005
fway Fri Sep  9 11:27:01 EDT 2005
fway Fri Sep  9 11:27:38 EDT 2005
fway Fri Sep  9 11:28:15 EDT 2005
fway Fri Sep  9 11:28:21 EDT 2005
fway Fri Sep  9 12:42:29 EDT 2005
fway Fri Sep  9 12:43:02 EDT 2005
fway Fri Sep  9 12:43:38 EDT 2005
fway Fri Sep  9 12:44:07 EDT 2005
fway Fri Sep  9 13:01:09 EDT 2005
fway Fri Sep  9 13:05:44 EDT 2005
fway Tue Sep 13 10:33:08 EDT 2005
fway Tue Sep 13 11:19:05 EDT 2005
fway Tue Sep 13 14:07:12 EDT 2005
fway Tue Sep 13 14:07:27 EDT 2005
fway Tue Sep 13 14:07:54 EDT 2005
fway Tue Sep 13 14:08:00 EDT 2005
fway Tue Sep 13 14:38:47 EDT 2005
fway Tue Sep 13 18:52:10 EDT 2005
fway Tue Sep 13 18:52:41 EDT 2005
fway Tue Oct 11 16:13:19 EDT 2005
fway Tue Oct 11 16:13:49 EDT 2005
fway Tue Oct 11 16:19:34 EDT 2005
fway Tue Oct 11 16:20:08 EDT 2005
fway Tue Oct 11 18:02:06 EDT 2005
fway Tue Oct 11 18:04:35 EDT 2005
fway Tue Oct 11 18:04:40 EDT 2005
fway Tue Oct 11 18:06:37 EDT 2005
fway Tue Oct 11 18:07:03 EDT 2005
fway Wed Oct 12 12:51:02 EDT 2005
fway Wed Oct 12 12:51:08 EDT 2005
fway Wed Oct 12 12:51:39 EDT 2005
fway Wed Oct 12 12:51:44 EDT 2005
fway Thu Oct 13 15:37:53 EDT 2005
fway Thu Oct 13 15:40:04 EDT 2005
fway Thu Oct 13 15:40:35 EDT 2005
fway Thu Oct 13 15:40:40 EDT 2005
fway Thu Oct 13 15:50:04 EDT 2005
fway Thu Oct 13 15:50:09 EDT 2005
fway Thu Oct 13 15:50:50 EDT 2005
fway Thu Oct 13 15:50:57 EDT 2005
fway Thu Oct 13 16:31:04 EDT 2005
fway Thu Oct 13 16:31:10 EDT 2005
fway Thu Oct 13 16:31:37 EDT 2005
fway Thu Oct 13 16:31:43 EDT 2005
fway Fri Oct 14 10:53:49 EDT 2005
fway Fri Oct 14 10:53:58 EDT 2005
fway Fri Oct 14 10:55:33 EDT 2005
fway Fri Oct 14 10:55:40 EDT 2005
fway Fri Oct 14 10:56:08 EDT 2005
fway Fri Oct 14 10:56:12 EDT 2005
fway Fri Oct 14 11:11:36 EDT 2005
fway Fri Oct 14 11:11:41 EDT 2005
fway Fri Oct 14 11:12:25 EDT 2005
fway Fri Oct 14 11:12:29 EDT 2005
fway Fri Oct 14 11:13:51 EDT 2005
fway Fri Oct 14 11:13:58 EDT 2005
fway Fri Oct 14 11:15:06 EDT 2005
fway Fri Oct 14 11:15:11 EDT 2005
fway Fri Oct 14 11:44:32 EDT 2005
fway Fri Oct 14 11:45:00 EDT 2005
fway Fri Oct 14 11:45:36 EDT 2005
fway Fri Oct 14 11:45:40 EDT 2005
fway Fri Oct 14 11:45:51 EDT 2005
fway Fri Oct 14 11:46:26 EDT 2005
fway Fri Oct 14 11:46:51 EDT 2005
fway Fri Oct 14 11:46:55 EDT 2005
fway Fri Oct 14 13:31:16 EDT 2005
fway Fri Oct 14 13:31:52 EDT 2005
fway Fri Oct 14 13:32:54 EDT 2005
fway Fri Oct 14 13:32:58 EDT 2005
fway Fri Oct 14 13:34:56 EDT 2005
fway Fri Oct 14 13:35:10 EDT 2005
fway Fri Oct 14 13:35:41 EDT 2005
fway Fri Oct 14 13:35:46 EDT 2005
fway Fri Oct 14 18:07:27 EDT 2005
fway Fri Oct 14 18:07:43 EDT 2005
fway Fri Oct 14 18:08:43 EDT 2005
fway Fri Oct 14 18:08:50 EDT 2005
fway Fri Oct 14 18:10:11 EDT 2005
fway Fri Oct 14 18:10:43 EDT 2005
fway Fri Oct 14 18:14:39 EDT 2005
fway Fri Oct 14 18:14:48 EDT 2005
fway Fri Oct 14 18:15:59 EDT 2005
fway Fri Oct 14 18:16:07 EDT 2005
fway Mon Oct 17 13:05:34 EDT 2005
fway Mon Oct 17 13:05:37 EDT 2005
fway Mon Oct 17 13:11:45 EDT 2005
fway Mon Oct 17 13:11:48 EDT 2005
fway Mon Oct 17 13:14:28 EDT 2005
fway Mon Oct 17 13:14:33 EDT 2005
fway Mon Oct 17 13:14:43 EDT 2005
fway Mon Oct 17 13:15:15 EDT 2005
fway Mon Oct 17 13:16:31 EDT 2005
fway Mon Oct 17 13:16:38 EDT 2005
fway Mon Oct 17 13:16:56 EDT 2005
fway Mon Oct 17 13:17:04 EDT 2005
fway Mon Oct 17 13:30:15 EDT 2005
fway Mon Oct 17 13:30:19 EDT 2005
fway Mon Oct 17 13:30:52 EDT 2005
fway Mon Oct 17 13:30:56 EDT 2005
fway Mon Oct 17 13:32:05 EDT 2005
fway Mon Oct 17 13:32:10 EDT 2005
fway Mon Oct 17 13:32:38 EDT 2005
fway Mon Oct 17 13:32:42 EDT 2005
fway Mon Oct 17 15:47:31 EDT 2005
fway Mon Oct 17 15:47:40 EDT 2005
fway Mon Oct 17 15:48:43 EDT 2005
fway Mon Oct 17 15:48:46 EDT 2005
fway Mon Oct 17 15:49:49 EDT 2005
fway Mon Oct 17 15:49:53 EDT 2005
fway Mon Oct 17 15:50:03 EDT 2005
fway Mon Oct 17 15:50:16 EDT 2005
fway Mon Oct 17 15:50:44 EDT 2005
fway Mon Oct 17 15:50:47 EDT 2005
fway Mon Oct 17 17:21:35 EDT 2005
fway Mon Oct 17 17:21:45 EDT 2005
fway Mon Oct 17 18:06:42 EDT 2005
fway Tue Oct 18 17:33:10 EDT 2005
fway Tue Oct 18 17:33:41 EDT 2005
fway Tue Oct 18 17:34:07 EDT 2005
fway Tue Oct 18 17:34:12 EDT 2005
fway Wed Oct 19 10:02:45 EDT 2005
fway Wed Oct 19 10:03:09 EDT 2005
fway Wed Oct 19 13:27:54 EDT 2005
fway Wed Oct 19 13:28:18 EDT 2005
fway Wed Nov  2 12:32:55 EST 2005
fway Wed Nov  2 12:33:03 EST 2005
fway Wed Nov  2 12:33:45 EST 2005
fway Wed Nov  2 12:33:55 EST 2005
msieweke Wed Nov  2 14:13:30 EST 2005
fway Wed Nov  2 14:42:20 EST 2005
fway Wed Nov  2 14:42:27 EST 2005
fway Wed Nov  2 14:43:00 EST 2005
fway Wed Nov  2 14:43:04 EST 2005
msieweke Wed Nov  2 14:49:22 EST 2005
fway Thu Nov  3 10:20:36 EST 2005
fway Thu Nov  3 10:20:45 EST 2005
fway Thu Nov  3 10:21:08 EST 2005
fway Thu Nov  3 10:21:10 EST 2005
fway Thu Nov  3 10:31:22 EST 2005
sdunlap Thu Nov  3 11:28:55 EST 2005
fway Thu Nov  3 12:20:19 EST 2005
fway Thu Nov  3 12:20:29 EST 2005
fway Thu Nov  3 12:21:18 EST 2005
fway Thu Nov  3 12:21:22 EST 2005
fway Thu Nov  3 13:14:53 EST 2005
fway Thu Nov  3 13:15:36 EST 2005
msieweke Thu Nov  3 14:36:30 EST 2005
fway Thu Nov  3 16:58:44 EST 2005
fway Thu Nov  3 16:58:48 EST 2005
fway Thu Nov  3 16:59:26 EST 2005
fway Thu Nov  3 16:59:29 EST 2005
msieweke Thu Nov  3 17:13:24 EST 2005
msieweke Fri Nov  4 12:00:47 EST 2005
msieweke Fri Nov  4 12:09:04 EST 2005
sdunlap Fri Nov  4 12:10:14 EST 2005
msieweke Fri Nov  4 17:28:02 EST 2005
msieweke Fri Nov  4 17:32:47 EST 2005
msieweke Fri Nov  4 17:36:41 EST 2005
fway Fri Nov  4 18:34:28 EST 2005
fway Mon Nov  7 13:57:15 EST 2005
fway Mon Nov  7 13:57:38 EST 2005
msieweke Mon Nov  7 15:56:56 EST 2005
msieweke Mon Nov  7 16:30:22 EST 2005
msieweke Mon Nov  7 16:34:07 EST 2005
msieweke Mon Nov  7 16:34:30 EST 2005
msieweke Mon Nov  7 16:39:33 EST 2005
fway Tue Nov  8 14:01:59 EST 2005
fway Tue Nov  8 14:02:05 EST 2005
fway Tue Nov  8 14:02:32 EST 2005
fway Tue Nov  8 14:02:35 EST 2005
fway Tue Nov  8 15:27:51 EST 2005
fway Tue Nov  8 15:39:47 EST 2005
fway Tue Nov  8 15:43:51 EST 2005
fway Tue Nov  8 15:59:25 EST 2005
fway Tue Nov  8 16:53:31 EST 2005
fway Tue Nov  8 17:15:59 EST 2005
fway Tue Nov  8 18:18:21 EST 2005
fway Wed Nov  9 10:35:25 EST 2005
fway Wed Nov  9 10:36:05 EST 2005
fway Wed Nov  9 10:39:48 EST 2005
fway Wed Nov  9 10:40:24 EST 2005
fway Wed Nov  9 10:40:50 EST 2005
fway Wed Nov  9 10:41:04 EST 2005
fway Wed Nov  9 11:25:11 EST 2005
fway Wed Nov  9 11:25:14 EST 2005
msieweke Wed Nov  9 12:33:20 EST 2005
fway Wed Nov  9 13:47:33 EST 2005
msieweke Thu Nov 10 10:17:51 EST 2005
msieweke Tue Nov 15 14:08:20 EST 2005
fway Wed Nov 16 16:36:00 EST 2005
fway Wed Nov 16 16:36:05 EST 2005
fway Wed Nov 16 16:36:46 EST 2005
fway Wed Nov 16 16:36:49 EST 2005
fway Fri Nov 18 17:17:24 EST 2005
fway Fri Nov 18 17:17:51 EST 2005
fway Tue Nov 29 13:18:52 EST 2005
fway Tue Nov 29 13:19:16 EST 2005
fway Tue Nov 29 13:32:38 EST 2005
fway Tue Nov 29 13:33:03 EST 2005
fway Wed Nov 30 09:08:47 EST 2005
fway Wed Nov 30 09:08:53 EST 2005
fway Wed Nov 30 09:10:29 EST 2005
fway Wed Nov 30 09:10:34 EST 2005
fway Wed Nov 30 10:31:45 EST 2005
fway Wed Nov 30 10:32:12 EST 2005
fway Wed Nov 30 10:49:54 EST 2005
fway Wed Nov 30 10:50:35 EST 2005
fway Wed Nov 30 11:21:55 EST 2005
fway Wed Nov 30 11:22:16 EST 2005
fway Thu Dec  1 15:27:17 EST 2005
fway Thu Dec  1 15:27:34 EST 2005
fway Thu Dec  1 15:27:57 EST 2005
fway Thu Dec  1 15:28:00 EST 2005
fway Thu Dec  1 15:28:30 EST 2005
fway Thu Dec  1 15:28:33 EST 2005
fway Thu Dec  1 16:11:39 EST 2005
fway Thu Dec  1 16:11:44 EST 2005
sdunlap Thu Dec  1 18:10:43 EST 2005
sdunlap Fri Dec  2 08:37:48 EST 2005
fway Tue Dec  6 15:14:58 EST 2005
fway Tue Dec  6 15:16:17 EST 2005
fway Tue Dec  6 15:35:40 EST 2005
fway Tue Dec  6 16:30:31 EST 2005
fway Tue Dec  6 17:25:34 EST 2005
fway Wed Dec  7 14:58:24 EST 2005
fway Wed Dec  7 14:58:28 EST 2005
fway Wed Dec  7 15:00:08 EST 2005
fway Wed Dec  7 15:00:10 EST 2005
fway Wed Dec  7 15:13:30 EST 2005
fway Thu Dec  8 13:31:22 EST 2005
fway Thu Dec  8 13:38:48 EST 2005
fway Thu Dec  8 13:39:45 EST 2005
fway Thu Dec  8 13:39:51 EST 2005
fway Thu Dec  8 13:41:31 EST 2005
fway Thu Dec  8 13:41:35 EST 2005
fway Thu Dec  8 13:43:37 EST 2005
fway Thu Dec  8 13:44:01 EST 2005
fway Thu Dec  8 13:44:45 EST 2005
fway Thu Dec  8 13:44:48 EST 2005
fway Wed Dec 14 18:46:09 EST 2005
fway Wed Dec 14 18:46:39 EST 2005
fway Wed Dec 14 18:47:12 EST 2005
fway Wed Dec 14 18:47:15 EST 2005
fway Wed Dec 14 19:54:24 EST 2005
msieweke Wed Dec 21 19:35:44 EST 2005
msieweke Mon Jan 16 16:22:40 EST 2006
msieweke Mon Jan 16 16:22:44 EST 2006
msieweke Tue Jan 17 11:54:36 EST 2006
msieweke Tue Jan 17 11:56:04 EST 2006
msieweke Tue Jan 17 12:12:36 EST 2006
msieweke Tue Jan 17 12:29:43 EST 2006
msieweke Tue Jan 17 12:30:03 EST 2006
msieweke Tue Jan 17 14:10:28 EST 2006
fway Wed Jan 18 18:43:16 EST 2006
fway Wed Jan 18 18:43:23 EST 2006
fway Wed Jan 18 18:46:33 EST 2006
fway Thu Jan 19 08:50:51 EST 2006
fway Thu Jan 19 08:51:23 EST 2006
fway Thu Jan 19 12:37:34 EST 2006
fway Thu Jan 19 12:38:03 EST 2006
fway Thu Jan 19 13:36:39 EST 2006
msieweke Mon Jan 30 16:19:26 EST 2006
msieweke Mon Jan 30 17:27:30 EST 2006
fway Wed Feb 22 14:39:29 EST 2006
fway Wed Feb 22 14:39:44 EST 2006
fway Wed Feb 22 14:42:22 EST 2006
fway Wed Feb 22 14:42:26 EST 2006
fway Wed Feb 22 14:43:55 EST 2006
fway Wed Feb 22 14:43:59 EST 2006
fway Wed Feb 22 15:06:42 EST 2006
fway Wed Feb 22 15:06:45 EST 2006
fway Mon Mar 13 11:50:06 EST 2006
fway Mon Mar 13 11:52:04 EST 2006
fway Mon Mar 13 11:52:11 EST 2006
fway Mon Mar 13 11:52:45 EST 2006
fway Mon Mar 13 11:53:24 EST 2006
fway Thu Mar 30 10:42:38 EST 2006
fway Thu Mar 30 10:43:20 EST 2006
fway Thu Mar 30 10:43:31 EST 2006
fway Thu Mar 30 10:43:55 EST 2006
fway Thu Mar 30 13:48:23 EST 2006
fway Thu Mar 30 13:48:28 EST 2006
fway Thu Mar 30 13:48:57 EST 2006
fway Thu Mar 30 13:49:03 EST 2006
fway Thu Mar 30 19:13:34 EST 2006
fway Thu Mar 30 19:13:40 EST 2006
fway Thu Mar 30 19:14:55 EST 2006
fway Thu Mar 30 19:14:58 EST 2006
fway Mon Apr  3 11:54:15 EDT 2006
fway Mon Apr  3 11:54:50 EDT 2006
fway Mon Apr  3 11:55:21 EDT 2006
fway Mon Apr  3 11:55:24 EDT 2006
fway Tue Apr 11 11:02:44 EDT 2006
fway Tue Apr 11 11:02:49 EDT 2006
fway Tue Apr 11 11:03:32 EDT 2006
fway Tue Apr 11 11:03:37 EDT 2006
fway Tue Apr 11 11:05:45 EDT 2006
fway Tue Apr 11 11:05:49 EDT 2006
fway Tue Apr 11 14:16:43 EDT 2006
fway Tue Apr 11 14:16:46 EDT 2006
fway Tue Apr 11 14:17:31 EDT 2006
fway Tue Apr 11 14:17:35 EDT 2006
fway Wed Apr 12 17:02:54 EDT 2006
fway Wed Apr 12 17:03:00 EDT 2006
fway Wed Apr 12 17:03:45 EDT 2006
fway Wed Apr 12 17:03:49 EDT 2006
karthikb Tue May  2 10:16:02 EDT 2006
fway Wed May  3 12:04:01 EDT 2006
fway Wed May  3 12:04:29 EDT 2006
fway Wed May  3 12:06:47 EDT 2006
fway Wed May  3 12:08:01 EDT 2006
fway Wed May  3 12:28:12 EDT 2006
fway Thu May  4 15:20:34 EDT 2006
fway Thu May  4 15:21:01 EDT 2006
ceyles Mon May  8 10:54:37 EDT 2006
sdunlap Mon May  8 14:36:30 EDT 2006
sdunlap Mon May  8 14:54:56 EDT 2006
fway Tue May  9 10:22:20 EDT 2006
fway Tue May  9 10:23:00 EDT 2006
fway Tue May  9 10:36:39 EDT 2006
fway Tue May  9 10:40:12 EDT 2006
fway Tue May  9 10:40:34 EDT 2006
msieweke Tue May  9 12:41:20 EDT 2006
msieweke Tue May  9 12:42:25 EDT 2006
msieweke Tue May  9 13:40:55 EDT 2006
sdunlap Tue May  9 14:08:45 EDT 2006
sdunlap Tue May  9 15:00:30 EDT 2006
fway Mon May 15 16:13:47 EDT 2006
fway Mon May 15 16:13:52 EDT 2006
dpullen Tue May 16 10:10:23 EDT 2006
dpullen Tue May 16 10:10:29 EDT 2006
fway Tue May 16 18:42:23 EDT 2006
fway Tue May 16 18:42:29 EDT 2006
fway Tue May 16 18:42:52 EDT 2006
fway Tue May 16 18:42:55 EDT 2006
fway Thu May 18 14:47:40 EDT 2006
fway Thu May 18 14:47:47 EDT 2006
fway Thu May 18 14:48:16 EDT 2006
fway Thu May 18 14:48:19 EDT 2006
fway Thu May 18 14:58:06 EDT 2006
fway Thu May 18 14:58:08 EDT 2006
fway Thu May 18 15:06:38 EDT 2006
fway Thu May 18 15:06:42 EDT 2006
fway Thu May 18 15:07:04 EDT 2006
fway Thu May 18 15:07:06 EDT 2006
fway Thu May 18 15:22:11 EDT 2006
fway Thu May 18 15:22:12 EDT 2006
fway Thu May 18 15:53:24 EDT 2006
fway Thu May 18 16:06:46 EDT 2006
fway Thu May 18 16:07:19 EDT 2006
fway Thu May 18 16:17:42 EDT 2006
fway Thu May 18 16:19:56 EDT 2006
fway Thu May 18 16:34:58 EDT 2006
fway Thu May 18 16:35:15 EDT 2006
fway Thu May 18 16:49:06 EDT 2006
fway Thu May 18 16:49:26 EDT 2006
fway Thu May 18 17:16:21 EDT 2006
fway Thu May 18 17:17:50 EDT 2006
fway Fri May 19 17:31:09 EDT 2006
fway Fri May 19 17:32:58 EDT 2006
fway Wed May 24 12:14:00 EDT 2006
fway Wed May 24 12:14:05 EDT 2006
fway Wed May 24 12:18:47 EDT 2006
fway Wed May 24 12:18:49 EDT 2006
fway Wed May 24 13:14:26 EDT 2006
fway Wed May 24 13:14:50 EDT 2006
sdunlap Wed May 24 15:57:40 EDT 2006
fway Wed May 24 16:04:41 EDT 2006
sdunlap Wed May 24 16:08:04 EDT 2006
fway Wed May 24 18:21:58 EDT 2006
fway Wed May 24 18:22:19 EDT 2006
fway Thu May 25 14:03:09 EDT 2006
fway Thu May 25 14:03:54 EDT 2006
fway Thu May 25 14:52:43 EDT 2006
fway Thu May 25 14:53:15 EDT 2006
fway Thu May 25 15:46:57 EDT 2006
fway Thu May 25 16:40:00 EDT 2006
fway Tue May 30 15:39:30 EDT 2006
fway Tue May 30 15:40:04 EDT 2006
fway Tue May 30 15:50:11 EDT 2006
fway Wed May 31 10:18:53 EDT 2006
fway Wed May 31 11:20:06 EDT 2006
fway Wed May 31 11:20:42 EDT 2006
fway Thu Jun  1 12:06:36 EDT 2006
fway Thu Jun  1 12:16:48 EDT 2006
fway Thu Jun  1 12:22:31 EDT 2006
fway Thu Jun  1 12:26:55 EDT 2006
fway Thu Jun  1 12:42:15 EDT 2006
fway Thu Jun  1 12:50:20 EDT 2006
fway Thu Jun  1 12:50:31 EDT 2006
fway Thu Jun  1 12:55:25 EDT 2006
fway Thu Jun  1 12:55:30 EDT 2006
fway Fri Jun  2 11:35:31 EDT 2006
fway Fri Jun  2 11:36:16 EDT 2006
fway Fri Jun  2 11:36:49 EDT 2006
fway Fri Jun  2 11:46:13 EDT 2006
fway Fri Jun  2 11:46:42 EDT 2006
fway Fri Jun  2 11:47:04 EDT 2006
fway Fri Jun  2 12:11:00 EDT 2006
fway Fri Jun  2 12:18:17 EDT 2006
sdunlap Tue Jun 13 15:01:34 EDT 2006
fway Tue Jun 13 16:07:26 EDT 2006
fway Tue Jun 13 16:07:34 EDT 2006
fway Tue Jun 13 16:18:30 EDT 2006
sdunlap Tue Jun 13 16:54:23 EDT 2006
sdunlap Tue Jun 13 17:03:27 EDT 2006
ceyles Tue Jun 13 17:17:29 EDT 2006
sdunlap Tue Jun 13 17:18:37 EDT 2006
fway Tue Jun 13 19:09:21 EDT 2006
fway Tue Jun 13 19:09:50 EDT 2006
fway Tue Jun 13 19:09:58 EDT 2006
fway Tue Jun 13 19:26:48 EDT 2006
fway Wed Jun 14 10:17:33 EDT 2006
fway Wed Jun 14 10:21:21 EDT 2006
fway Wed Jun 14 10:27:59 EDT 2006
fway Wed Jun 14 10:28:28 EDT 2006
sdunlap Wed Jun 14 16:57:57 EDT 2006
fway Thu Jun 15 17:00:51 EDT 2006
fway Thu Jun 15 17:03:12 EDT 2006
fway Wed Jun 28 11:30:23 EDT 2006
fway Wed Jun 28 11:31:06 EDT 2006
fway Wed Jun 28 15:39:08 EDT 2006
fway Wed Jun 28 15:39:10 EDT 2006
fway Wed Jun 28 16:03:54 EDT 2006
fway Wed Jun 28 16:03:58 EDT 2006
fway Wed Jun 28 16:06:32 EDT 2006
fway Wed Jun 28 16:06:35 EDT 2006
fway Thu Jun 29 17:05:15 EDT 2006
fway Thu Jun 29 17:05:21 EDT 2006
fway Thu Jun 29 17:05:53 EDT 2006
fway Thu Jun 29 17:05:56 EDT 2006
fway Fri Jun 30 09:40:42 EDT 2006
fway Fri Jun 30 09:40:46 EDT 2006
fway Fri Jun 30 09:41:15 EDT 2006
fway Fri Jun 30 09:41:17 EDT 2006
sdunlap Fri Jun 30 15:44:11 EDT 2006
sdunlap Wed Jul  5 10:01:31 EDT 2006
dpullen Fri Jul  7 09:35:29 EDT 2006
dpullen Fri Jul  7 11:00:40 EDT 2006
sdunlap Tue Jul 11 09:37:59 EDT 2006
dpullen Mon Jul 17 15:34:35 EDT 2006
dpullen Mon Jul 17 15:35:12 EDT 2006
sdunlap Mon Jul 17 16:17:42 EDT 2006
sdunlap Mon Jul 17 16:18:39 EDT 2006
fway Tue Jul 18 15:03:11 EDT 2006
fway Tue Jul 18 15:03:15 EDT 2006
fway Tue Jul 18 15:03:58 EDT 2006
fway Tue Jul 18 15:04:00 EDT 2006
fway Wed Jul 19 07:53:26 EDT 2006
fway Wed Jul 19 07:58:00 EDT 2006
fway Wed Jul 19 07:58:04 EDT 2006
fway Wed Jul 19 07:58:52 EDT 2006
fway Wed Jul 19 07:58:57 EDT 2006
fway Wed Jul 19 07:59:19 EDT 2006
fway Wed Jul 19 07:59:22 EDT 2006
fway Wed Jul 19 08:02:36 EDT 2006
fway Wed Jul 19 08:02:40 EDT 2006
fway Wed Jul 19 08:03:01 EDT 2006
fway Wed Jul 19 08:03:04 EDT 2006
fway Mon Jul 24 18:14:00 EDT 2006
fway Mon Jul 24 18:14:04 EDT 2006
fway Mon Jul 24 18:14:55 EDT 2006
fway Mon Jul 24 18:14:59 EDT 2006
fway Mon Jul 24 18:15:34 EDT 2006
fway Mon Jul 24 18:15:41 EDT 2006
fway Mon Jul 24 18:29:54 EDT 2006
fway Mon Jul 24 18:29:59 EDT 2006
fway Mon Jul 24 18:30:51 EDT 2006
fway Mon Jul 24 18:31:25 EDT 2006
fway Tue Jul 25 10:42:16 EDT 2006
fway Tue Jul 25 10:42:20 EDT 2006
fway Tue Jul 25 10:42:58 EDT 2006
fway Tue Jul 25 10:43:29 EDT 2006
fway Tue Jul 25 10:43:36 EDT 2006
fway Tue Jul 25 10:45:07 EDT 2006
fway Tue Jul 25 10:58:22 EDT 2006
fway Tue Jul 25 10:58:25 EDT 2006
fway Fri Jul 28 11:09:14 EDT 2006
fway Fri Jul 28 11:09:56 EDT 2006
fway Fri Jul 28 11:10:37 EDT 2006
fway Fri Jul 28 11:48:56 EDT 2006
fway Fri Jul 28 11:49:38 EDT 2006
fway Tue Aug  1 10:06:43 EDT 2006
fway Tue Aug  1 10:06:46 EDT 2006
fway Tue Aug  1 10:18:55 EDT 2006
fway Tue Aug  1 11:01:02 EDT 2006
fway Tue Aug  1 11:01:07 EDT 2006
fway Tue Aug  1 11:01:36 EDT 2006
fway Tue Aug  1 11:01:40 EDT 2006
sdunlap Tue Aug  1 14:33:15 EDT 2006
fway Tue Aug  1 15:07:20 EDT 2006
fway Tue Aug  1 15:08:05 EDT 2006
fway Tue Aug  1 15:08:46 EDT 2006
koneal Tue Aug  1 16:53:06 EDT 2006
koneal Tue Aug  1 17:15:26 EDT 2006
koneal Tue Aug  1 17:17:36 EDT 2006
koneal Wed Aug  2 10:40:23 EDT 2006
fway Thu Aug  3 11:27:55 EDT 2006
fway Thu Aug  3 11:28:02 EDT 2006
fway Thu Aug  3 11:28:30 EDT 2006
fway Thu Aug  3 11:28:34 EDT 2006
fway Thu Aug  3 15:30:28 EDT 2006
fway Thu Aug  3 15:30:36 EDT 2006
fway Thu Aug  3 15:31:24 EDT 2006
fway Thu Aug  3 15:31:29 EDT 2006
fway Thu Aug  3 15:56:28 EDT 2006
fway Thu Aug  3 15:56:31 EDT 2006
fway Thu Aug  3 15:56:56 EDT 2006
fway Thu Aug  3 15:56:59 EDT 2006
fway Thu Aug  3 16:09:53 EDT 2006
fway Thu Aug  3 16:09:57 EDT 2006
fway Thu Aug  3 16:10:35 EDT 2006
fway Thu Aug  3 16:10:37 EDT 2006
koneal Fri Aug  4 17:08:22 EDT 2006
koneal Fri Aug  4 17:12:03 EDT 2006
koneal Fri Aug  4 17:15:28 EDT 2006
koneal Mon Aug  7 16:23:28 EDT 2006
koneal Mon Aug  7 16:33:36 EDT 2006
koneal Mon Aug  7 16:34:01 EDT 2006
koneal Mon Aug  7 17:01:44 EDT 2006
koneal Mon Aug  7 17:02:29 EDT 2006
msieweke Tue Aug  8 10:06:41 EDT 2006
msieweke Tue Aug  8 10:07:33 EDT 2006
msieweke Tue Aug  8 11:14:53 EDT 2006
msieweke Tue Aug  8 11:15:13 EDT 2006
msieweke Tue Aug  8 11:32:06 EDT 2006
msieweke Tue Aug  8 13:42:52 EDT 2006
msieweke Tue Aug  8 13:44:13 EDT 2006
msieweke Tue Aug  8 14:03:08 EDT 2006
msieweke Tue Aug  8 14:14:37 EDT 2006
newcomer Tue Aug  8 14:16:15 EDT 2006
msieweke Tue Aug  8 15:30:32 EDT 2006
msieweke Tue Aug  8 15:34:42 EDT 2006
newcomer Tue Aug  8 15:41:41 EDT 2006
newcomer Tue Aug  8 16:48:20 EDT 2006
newcomer Tue Aug  8 17:39:30 EDT 2006
msieweke Tue Aug  8 17:40:55 EDT 2006
msieweke Tue Aug  8 17:41:10 EDT 2006
msieweke Tue Aug  8 17:59:39 EDT 2006
msieweke Tue Aug  8 18:02:12 EDT 2006
msieweke Tue Aug  8 18:02:31 EDT 2006
karthikb Wed Aug  9 10:18:29 EDT 2006
llong Thu Aug 10 17:46:27 EDT 2006
llong Fri Aug 11 14:28:09 EDT 2006
llong Mon Aug 14 10:37:46 EDT 2006
karthikb Mon Aug 14 10:52:14 EDT 2006
llong Mon Aug 14 11:39:33 EDT 2006
llong Mon Aug 14 12:49:22 EDT 2006
msieweke Mon Aug 14 18:40:51 EDT 2006
msieweke Mon Aug 14 18:42:46 EDT 2006
msieweke Tue Aug 15 16:31:16 EDT 2006
msieweke Wed Aug 16 13:23:39 EDT 2006
llong Wed Aug 16 16:37:36 EDT 2006
sdunlap Wed Aug 16 17:26:53 EDT 2006
msieweke Wed Aug 16 17:41:33 EDT 2006
msieweke Mon Aug 21 14:55:28 EDT 2006
fway Tue Aug 22 11:34:02 EDT 2006
fway Tue Aug 22 11:53:33 EDT 2006
fway Tue Aug 22 13:38:43 EDT 2006
fway Tue Aug 22 13:50:43 EDT 2006
fway Tue Aug 22 13:53:29 EDT 2006
fway Tue Aug 22 14:03:38 EDT 2006
fway Tue Aug 22 14:03:40 EDT 2006
koneal Tue Aug 22 14:45:33 EDT 2006
fway Tue Aug 22 18:23:02 EDT 2006
fway Tue Aug 22 18:23:48 EDT 2006
fway Tue Aug 22 18:26:37 EDT 2006
fway Tue Aug 22 18:26:41 EDT 2006
fway Tue Aug 22 18:42:05 EDT 2006
sdunlap Wed Aug 23 09:13:42 EDT 2006
fway Wed Aug 23 12:10:41 EDT 2006
fway Wed Aug 23 12:10:44 EDT 2006
llong Wed Aug 23 13:43:16 EDT 2006
llong Wed Aug 23 14:03:45 EDT 2006
fway Wed Aug 23 16:14:05 EDT 2006
fway Wed Aug 23 18:00:13 EDT 2006
fway Wed Aug 23 18:00:17 EDT 2006
fway Thu Aug 24 09:50:24 EDT 2006
fway Thu Aug 24 09:50:29 EDT 2006
fway Thu Aug 24 10:02:42 EDT 2006
msieweke Thu Aug 24 11:33:36 EDT 2006
msieweke Thu Aug 24 11:38:25 EDT 2006
msieweke Thu Aug 24 13:09:32 EDT 2006
fway Fri Aug 25 14:59:57 EDT 2006
fway Fri Aug 25 15:00:01 EDT 2006
fway Fri Aug 25 15:13:52 EDT 2006
fway Fri Aug 25 15:20:21 EDT 2006
fway Fri Aug 25 15:20:24 EDT 2006
fway Fri Aug 25 15:27:28 EDT 2006
fway Fri Aug 25 15:27:32 EDT 2006
fway Mon Aug 28 11:42:39 EDT 2006
fway Mon Aug 28 11:42:44 EDT 2006
fway Mon Aug 28 12:01:29 EDT 2006
llong Mon Aug 28 15:02:05 EDT 2006
fway Tue Aug 29 10:46:21 EDT 2006
fway Tue Aug 29 10:46:24 EDT 2006
fway Tue Aug 29 10:49:53 EDT 2006
fway Tue Aug 29 10:51:30 EDT 2006
fway Tue Aug 29 13:22:08 EDT 2006
fway Tue Aug 29 13:22:12 EDT 2006
fway Tue Aug 29 13:26:17 EDT 2006
fway Tue Aug 29 13:26:25 EDT 2006
llong Tue Aug 29 14:00:56 EDT 2006
fway Wed Aug 30 11:53:48 EDT 2006
fway Wed Aug 30 11:53:51 EDT 2006
fway Wed Aug 30 15:20:25 EDT 2006
fway Wed Aug 30 15:20:28 EDT 2006
llong Tue Sep  5 09:17:19 EDT 2006
msieweke Tue Sep  5 12:02:08 EDT 2006
msieweke Tue Sep  5 16:03:02 EDT 2006
llong Wed Sep  6 09:49:14 EDT 2006
koneal Fri Sep  8 16:55:09 EDT 2006
msieweke Tue Sep 12 15:58:02 EDT 2006
msieweke Tue Sep 12 16:04:26 EDT 2006
msieweke Tue Sep 12 16:06:23 EDT 2006
msieweke Tue Sep 12 16:15:56 EDT 2006
msieweke Tue Sep 12 16:26:39 EDT 2006
msieweke Tue Sep 12 17:32:18 EDT 2006
msieweke Tue Sep 12 17:33:38 EDT 2006
msieweke Fri Sep 15 14:08:12 EDT 2006
karthikb Mon Sep 18 10:39:25 EDT 2006
karthikb Mon Sep 18 16:23:45 EDT 2006
karthikb Mon Sep 18 16:23:53 EDT 2006
fway Tue Sep 19 11:14:26 EDT 2006
msieweke Tue Sep 19 15:08:17 EDT 2006
msieweke Tue Sep 19 17:13:16 EDT 2006
msieweke Tue Sep 19 17:16:50 EDT 2006
koneal Tue Sep 19 17:17:47 EDT 2006
koneal Tue Sep 19 17:17:51 EDT 2006
koneal Tue Sep 19 17:31:21 EDT 2006
msieweke Tue Sep 19 17:50:36 EDT 2006
koneal Wed Sep 20 14:33:31 EDT 2006
fway Thu Sep 21 12:19:04 EDT 2006
fway Thu Sep 21 12:19:07 EDT 2006
karthikb Mon Sep 25 09:43:53 EDT 2006
karthikb Mon Sep 25 09:45:05 EDT 2006
msieweke Mon Sep 25 13:19:55 EDT 2006
msieweke Mon Sep 25 13:23:51 EDT 2006
msieweke Tue Sep 26 12:12:33 EDT 2006
msieweke Tue Sep 26 13:24:45 EDT 2006
msieweke Wed Sep 27 09:53:54 EDT 2006
msieweke Wed Sep 27 10:17:11 EDT 2006
msieweke Wed Sep 27 11:15:09 EDT 2006
llong Wed Sep 27 17:08:52 EDT 2006
llong Thu Sep 28 09:23:40 EDT 2006
fway Fri Sep 29 14:37:19 EDT 2006
fway Fri Sep 29 14:37:23 EDT 2006
cahn Mon Oct  9 17:23:55 EDT 2006
cahn Mon Oct  9 17:25:18 EDT 2006
koneal Wed Oct 11 15:17:25 EDT 2006
koneal Wed Oct 11 17:14:25 EDT 2006
koneal Wed Oct 11 17:15:34 EDT 2006
koneal Tue Oct 17 09:52:42 EDT 2006
koneal Tue Oct 17 09:53:00 EDT 2006
koneal Tue Oct 17 10:21:47 EDT 2006
koneal Tue Oct 17 11:20:38 EDT 2006
koneal Tue Oct 17 11:20:45 EDT 2006
sdunlap Tue Oct 17 14:08:42 EDT 2006
sdunlap Tue Oct 17 14:55:21 EDT 2006
koneal Tue Oct 17 17:40:17 EDT 2006
koneal Wed Oct 18 09:32:07 EDT 2006
sdunlap Wed Oct 18 15:19:41 EDT 2006
sdunlap Wed Oct 18 15:20:03 EDT 2006
koneal Thu Oct 19 14:33:48 EDT 2006
koneal Thu Oct 19 14:42:22 EDT 2006
koneal Thu Oct 19 14:47:27 EDT 2006
koneal Thu Oct 19 14:47:33 EDT 2006
koneal Thu Oct 19 14:53:17 EDT 2006
koneal Thu Oct 19 14:53:22 EDT 2006
koneal Thu Oct 19 15:07:58 EDT 2006
koneal Thu Oct 19 15:08:02 EDT 2006
koneal Thu Oct 19 15:26:55 EDT 2006
fway Fri Oct 20 10:06:54 EDT 2006
fway Fri Oct 20 10:07:52 EDT 2006
fway Fri Oct 20 10:07:56 EDT 2006
koneal Fri Oct 27 16:17:24 EDT 2006
koneal Fri Oct 27 16:55:50 EDT 2006
sdunlap Mon Oct 30 16:04:22 EST 2006
sdunlap Mon Oct 30 16:50:16 EST 2006
sdunlap Tue Oct 31 09:32:45 EST 2006
koneal Wed Nov  1 10:10:54 EST 2006
koneal Wed Nov  1 10:11:08 EST 2006
sdunlap Fri Nov  3 11:17:36 EST 2006
sdunlap Thu Nov  9 14:55:07 EST 2006
sdunlap Thu Nov  9 15:05:44 EST 2006
sdunlap Thu Nov  9 15:05:49 EST 2006
sdunlap Mon Nov 13 16:39:40 EST 2006
sdunlap Mon Nov 13 16:42:02 EST 2006
sdunlap Mon Nov 13 17:08:54 EST 2006
koneal Mon Nov 20 11:49:16 EST 2006
koneal Mon Nov 27 17:09:29 EST 2006
fway Tue Nov 28 09:32:12 EST 2006
fway Tue Nov 28 09:33:21 EST 2006
fway Tue Nov 28 09:34:13 EST 2006
fway Tue Nov 28 14:23:27 EST 2006
fway Tue Nov 28 14:23:54 EST 2006
fway Tue Nov 28 14:24:06 EST 2006
fway Tue Nov 28 14:59:37 EST 2006
sdunlap Tue Nov 28 17:23:57 EST 2006
sdunlap Wed Nov 29 16:11:59 EST 2006
sdunlap Wed Nov 29 16:54:56 EST 2006
fway Fri Dec  8 11:00:28 EST 2006
fway Fri Dec  8 11:22:36 EST 2006
koneal Fri Dec  8 14:39:23 EST 2006
fway Fri Dec  8 15:21:19 EST 2006
fway Fri Dec  8 15:59:49 EST 2006
fway Mon Dec 11 16:31:33 EST 2006
fway Mon Dec 11 16:32:17 EST 2006
koneal Tue Dec 12 14:03:51 EST 2006
koneal Tue Dec 12 14:03:58 EST 2006
fway Wed Dec 13 10:54:45 EST 2006
fway Wed Dec 13 14:48:06 EST 2006
fway Wed Dec 13 15:03:48 EST 2006
fway Wed Dec 13 15:04:18 EST 2006
fway Wed Dec 13 15:23:00 EST 2006
fway Wed Dec 13 15:36:01 EST 2006
fway Wed Dec 13 17:25:00 EST 2006
fway Wed Dec 13 22:44:48 EST 2006
koneal Thu Dec 14 15:41:29 EST 2006
koneal Thu Dec 14 15:41:43 EST 2006
sdunlap Mon Dec 18 16:58:13 EST 2006
sdunlap Mon Dec 18 17:28:53 EST 2006
fway Wed Jan  3 15:01:30 EST 2007
fway Wed Jan  3 15:01:38 EST 2007
koneal Wed Jan  3 15:56:55 EST 2007
tclack Mon Jan  8 09:43:48 EST 2007
tclack Mon Jan  8 09:50:48 EST 2007
tclack Mon Jan  8 09:53:06 EST 2007
koneal Thu Jan 18 09:58:48 EST 2007
fway Thu Jan 18 17:28:52 EST 2007
fway Thu Jan 18 17:28:58 EST 2007
fway Thu Jan 18 17:30:02 EST 2007
fway Thu Jan 18 17:30:26 EST 2007
fway Thu Jan 18 17:48:23 EST 2007
fway Thu Jan 25 14:06:12 EST 2007
fway Thu Jan 25 14:19:31 EST 2007
fway Thu Jan 25 15:11:53 EST 2007
fway Tue Jan 30 11:58:38 EST 2007
fway Tue Jan 30 11:58:50 EST 2007
fway Tue Jan 30 12:00:24 EST 2007
fway Tue Jan 30 12:46:34 EST 2007
fway Tue Jan 30 12:46:57 EST 2007
fway Tue Jan 30 14:33:07 EST 2007
fway Tue Jan 30 14:33:52 EST 2007
fway Tue Jan 30 14:39:57 EST 2007
fway Tue Jan 30 16:17:52 EST 2007
msieweke Mon Feb 12 14:55:47 EST 2007
sdunlap Mon Feb 12 15:04:39 EST 2007
msieweke Mon Feb 12 15:15:44 EST 2007
msieweke Mon Feb 12 15:17:27 EST 2007
msieweke Mon Feb 12 15:21:05 EST 2007
msieweke Mon Feb 12 15:21:28 EST 2007
msieweke Mon Feb 12 18:32:00 EST 2007
koneal Tue Feb 13 16:14:51 EST 2007
koneal Tue Feb 13 16:15:41 EST 2007
koneal Tue Feb 13 17:22:02 EST 2007
fway Wed Feb 14 14:05:23 EST 2007
fway Wed Feb 14 14:29:20 EST 2007
sdunlap Fri Feb 16 11:05:47 EST 2007
koneal Mon Mar 12 17:35:38 EDT 2007
koneal Tue Mar 13 17:12:21 EDT 2007
fway Thu Mar 15 12:27:42 EDT 2007
sdunlap Fri Mar 23 15:10:22 EDT 2007
sdunlap Fri Mar 23 15:44:11 EDT 2007
sdunlap Fri Mar 23 16:01:37 EDT 2007
sdunlap Fri Mar 23 16:07:53 EDT 2007
koneal Fri Apr 20 10:57:08 EDT 2007
koneal Thu Apr 26 10:40:30 EDT 2007
koneal Thu Apr 26 10:48:50 EDT 2007
koneal Thu Apr 26 15:00:17 EDT 2007
koneal Thu Apr 26 15:10:20 EDT 2007
koneal Thu Apr 26 15:28:50 EDT 2007
sdunlap Fri Apr 27 17:29:05 EDT 2007
sdunlap Thu May  3 13:24:01 EDT 2007
sdunlap Thu May  3 14:30:26 EDT 2007
tclack Thu May  3 17:57:32 EDT 2007
sdunlap Fri May  4 12:53:36 EDT 2007
koneal Fri May  4 15:31:19 EDT 2007
koneal Fri May  4 15:38:07 EDT 2007
koneal Fri May  4 15:52:31 EDT 2007
sdunlap Mon May  7 16:14:35 EDT 2007
sdunlap Mon May  7 17:24:28 EDT 2007
koneal Tue May  8 17:03:43 EDT 2007
kevinc Thu May 10 17:38:39 EDT 2007
newcomer Thu May 10 18:06:23 EDT 2007
newcomer Thu May 10 18:12:11 EDT 2007
newcomer Fri May 11 13:30:44 EDT 2007
newcomer Fri May 11 13:40:03 EDT 2007
newcomer Fri May 11 14:22:41 EDT 2007
newcomer Fri May 11 14:36:01 EDT 2007
newcomer Fri May 11 15:49:35 EDT 2007
newcomer Fri May 11 15:58:05 EDT 2007
newcomer Fri May 11 17:46:03 EDT 2007
llong Fri May 11 17:55:48 EDT 2007
llong Fri May 11 18:02:14 EDT 2007
newcomer Mon May 14 10:28:49 EDT 2007
newcomer Mon May 14 10:36:39 EDT 2007
koneal Mon May 14 13:50:13 EDT 2007
newcomer Tue May 15 17:53:25 EDT 2007
newcomer Tue May 15 18:14:43 EDT 2007
newcomer Tue May 15 18:38:02 EDT 2007
koneal Wed May 16 11:46:14 EDT 2007
sdunlap Wed May 16 14:04:53 EDT 2007
sdunlap Wed May 16 14:10:08 EDT 2007
sdunlap Wed May 16 14:50:08 EDT 2007
newcomer Wed May 16 15:46:48 EDT 2007
newcomer Wed May 23 11:24:35 EDT 2007
sdunlap Wed May 23 15:46:05 EDT 2007
sdunlap Wed May 23 15:54:36 EDT 2007
sdunlap Wed May 23 15:56:44 EDT 2007
koneal Wed May 23 17:54:11 EDT 2007
koneal Wed May 23 17:55:28 EDT 2007
koneal Thu May 24 10:11:24 EDT 2007
llong Fri Jun  1 17:29:32 EDT 2007
llong Fri Jun  1 17:46:39 EDT 2007
llong Mon Jun  4 15:58:17 EDT 2007
koneal Wed Jun  6 16:50:35 EDT 2007
koneal Wed Jun  6 17:07:48 EDT 2007
koneal Thu Jun  7 14:10:39 EDT 2007
koneal Thu Jun  7 17:02:14 EDT 2007
koneal Thu Jun  7 17:04:26 EDT 2007
sdunlap Mon Jun 11 15:01:23 EDT 2007
sdunlap Mon Jun 11 16:38:03 EDT 2007
sdunlap Thu Jun 14 10:11:26 EDT 2007
sdunlap Thu Jun 14 10:56:26 EDT 2007
fway Mon Jun 18 11:20:55 EDT 2007
fway Mon Jun 18 11:21:43 EDT 2007
fway Mon Jun 18 11:22:10 EDT 2007
fway Mon Jun 18 11:23:56 EDT 2007
fway Mon Jun 18 11:24:06 EDT 2007
fway Mon Jun 18 11:51:55 EDT 2007
fway Mon Jun 18 11:52:47 EDT 2007
fway Mon Jun 18 11:53:14 EDT 2007
fway Mon Jun 18 12:02:48 EDT 2007
fway Tue Jun 19 12:37:52 EDT 2007
fway Tue Jun 19 12:37:59 EDT 2007
fway Tue Jun 19 12:54:15 EDT 2007
fway Tue Jun 19 12:54:24 EDT 2007
fway Tue Jun 19 16:08:19 EDT 2007
fway Tue Jun 19 16:08:23 EDT 2007
fway Tue Jun 19 16:39:32 EDT 2007
fway Tue Jun 19 16:40:29 EDT 2007
newcomer Tue Jun 19 17:35:21 EDT 2007
newcomer Tue Jun 19 18:04:17 EDT 2007
llong Wed Jun 20 08:42:46 EDT 2007
llong Wed Jun 20 08:50:54 EDT 2007
llong Wed Jun 20 10:09:30 EDT 2007
llong Wed Jun 20 10:57:03 EDT 2007
fway Wed Jun 20 14:38:53 EDT 2007
fway Wed Jun 20 14:38:58 EDT 2007
sdunlap Wed Jun 20 15:16:23 EDT 2007
llong Wed Jun 20 16:55:02 EDT 2007
sdunlap Fri Jun 22 11:38:52 EDT 2007
sdunlap Fri Jun 22 14:12:39 EDT 2007
sdunlap Tue Jun 26 16:50:26 EDT 2007
newcomer Fri Jul  6 15:16:46 EDT 2007
newcomer Fri Jul  6 15:38:41 EDT 2007
sdunlap Mon Jul  9 11:53:34 EDT 2007
koneal Mon Jul 16 14:16:02 EDT 2007
tclack Mon Jul 16 16:57:08 EDT 2007
sdunlap Mon Jul 23 16:41:30 EDT 2007
tclack Fri Jul 27 15:55:56 EDT 2007
tclack Fri Jul 27 16:03:14 EDT 2007
sdunlap Mon Aug  6 14:22:37 EDT 2007
newcomer Mon Aug 13 17:39:20 EDT 2007
newcomer Tue Aug 14 17:01:48 EDT 2007
koneal Tue Aug 28 10:49:32 EDT 2007
koneal Tue Aug 28 16:32:03 EDT 2007
sdunlap Wed Aug 29 09:48:05 EDT 2007
sdunlap Wed Aug 29 09:48:25 EDT 2007
sdunlap Fri Aug 31 14:50:20 EDT 2007
sdunlap Fri Aug 31 15:08:05 EDT 2007
sdunlap Fri Aug 31 15:21:16 EDT 2007
sdunlap Fri Aug 31 15:21:41 EDT 2007
sdunlap Fri Aug 31 15:48:31 EDT 2007
koneal Tue Sep  4 13:37:26 EDT 2007
kevinc Tue Sep  4 13:41:50 EDT 2007
kevinc Tue Sep  4 13:56:10 EDT 2007
kevinc Tue Sep  4 14:11:08 EDT 2007
koneal Tue Sep  4 15:26:26 EDT 2007
koneal Tue Sep  4 16:18:42 EDT 2007
koneal Tue Sep  4 16:24:07 EDT 2007
koneal Tue Sep  4 16:32:59 EDT 2007
koneal Tue Sep  4 16:36:51 EDT 2007
kevinc Wed Sep  5 14:34:28 EDT 2007
kevinc Wed Sep  5 14:58:24 EDT 2007
sdunlap Thu Sep  6 17:16:19 EDT 2007
sdunlap Thu Sep  6 17:16:27 EDT 2007
sdunlap Thu Sep  6 17:20:11 EDT 2007
sdunlap Thu Sep  6 17:21:52 EDT 2007
sdunlap Thu Sep  6 17:21:57 EDT 2007
sdunlap Thu Sep  6 17:22:04 EDT 2007
sdunlap Thu Sep  6 17:32:24 EDT 2007
sdunlap Thu Sep  6 17:40:42 EDT 2007
sdunlap Thu Sep  6 17:40:50 EDT 2007
sdunlap Thu Sep  6 17:41:04 EDT 2007
sdunlap Thu Sep  6 17:49:03 EDT 2007
sdunlap Thu Sep  6 17:49:25 EDT 2007
sdunlap Thu Sep  6 17:50:11 EDT 2007
sdunlap Thu Sep  6 17:50:13 EDT 2007
sdunlap Thu Sep  6 17:50:17 EDT 2007
sdunlap Thu Sep  6 18:04:33 EDT 2007
sdunlap Fri Sep  7 09:03:32 EDT 2007
koneal Mon Sep 10 17:12:51 EDT 2007
koneal Mon Sep 10 18:06:33 EDT 2007
sdunlap Tue Sep 11 16:33:47 EDT 2007
sdunlap Tue Sep 11 16:34:27 EDT 2007
sdunlap Tue Sep 11 16:43:07 EDT 2007
sdunlap Tue Sep 11 17:00:40 EDT 2007
msieweke Wed Sep 12 14:03:40 EDT 2007
msieweke Wed Sep 12 14:04:45 EDT 2007
msieweke Wed Sep 12 14:05:00 EDT 2007
msieweke Wed Sep 12 14:05:13 EDT 2007
sdunlap Wed Sep 12 14:08:39 EDT 2007
sdunlap Wed Sep 12 14:18:50 EDT 2007
sdunlap Thu Sep 13 10:09:17 EDT 2007
kevinc Thu Sep 13 16:19:11 EDT 2007
kevinc Thu Sep 13 16:29:08 EDT 2007
kevinc Thu Sep 13 16:39:39 EDT 2007
kevinc Thu Sep 13 16:58:19 EDT 2007
sdunlap Fri Sep 14 14:01:59 EDT 2007
sdunlap Fri Sep 14 14:05:32 EDT 2007
kevinc Thu Sep 20 11:36:09 EDT 2007
kevinc Thu Sep 20 16:25:35 EDT 2007
kevinc Thu Sep 20 16:58:29 EDT 2007
koneal Fri Sep 21 10:18:48 EDT 2007
sdunlap Fri Sep 21 16:58:52 EDT 2007
sdunlap Fri Sep 21 17:00:49 EDT 2007
koneal Fri Sep 21 18:00:39 EDT 2007
koneal Fri Sep 21 18:04:24 EDT 2007
kevinc Mon Sep 24 14:29:19 EDT 2007
kevinc Mon Sep 24 14:40:14 EDT 2007
kevinc Mon Sep 24 16:00:21 EDT 2007
sdunlap Tue Sep 25 15:20:35 EDT 2007
sdunlap Tue Sep 25 17:07:59 EDT 2007
sdunlap Thu Sep 27 15:58:11 EDT 2007
sdunlap Thu Sep 27 15:58:14 EDT 2007
sdunlap Thu Sep 27 15:58:28 EDT 2007
sdunlap Thu Sep 27 15:59:06 EDT 2007
kevinc Thu Sep 27 16:18:55 EDT 2007
sdunlap Fri Sep 28 10:42:58 EDT 2007
sdunlap Fri Sep 28 10:51:41 EDT 2007
sdunlap Fri Sep 28 15:06:51 EDT 2007
kevinc Tue Oct  2 21:22:44 EDT 2007
koneal Tue Oct  2 21:22:55 EDT 2007
koneal Tue Oct  2 21:41:17 EDT 2007
kevinc Tue Oct  2 21:46:10 EDT 2007
koneal Tue Oct  2 21:57:12 EDT 2007
koneal Tue Oct  2 22:41:35 EDT 2007
koneal Tue Oct  2 22:59:44 EDT 2007
sdunlap Thu Oct  4 18:19:41 EDT 2007
sdunlap Fri Oct  5 09:11:25 EDT 2007
sdunlap Wed Oct 10 11:33:21 EDT 2007
sdunlap Wed Oct 10 13:51:21 EDT 2007
sdunlap Wed Oct 10 15:27:55 EDT 2007
koneal Mon Oct 22 09:40:13 EDT 2007
sdunlap Wed Oct 24 10:53:47 EDT 2007
sdunlap Wed Oct 24 10:59:35 EDT 2007
sdunlap Wed Oct 24 11:07:36 EDT 2007
sdunlap Thu Oct 25 15:02:58 EDT 2007
sdunlap Thu Oct 25 15:03:53 EDT 2007
koneal Fri Oct 26 16:47:04 EDT 2007
koneal Fri Oct 26 16:53:34 EDT 2007
koneal Fri Oct 26 17:01:45 EDT 2007
koneal Fri Oct 26 17:29:18 EDT 2007
koneal Mon Oct 29 13:34:28 EDT 2007
koneal Thu Nov  1 10:30:00 EDT 2007
koneal Thu Nov  1 10:35:05 EDT 2007
koneal Thu Nov  1 10:41:41 EDT 2007
koneal Fri Nov  2 16:16:35 EDT 2007
koneal Fri Nov  2 16:16:58 EDT 2007
msieweke Mon Jan 14 16:27:50 EST 2008
msieweke Wed May 21 16:18:49 EDT 2008
newcomer Fri Aug 15 11:27:03 EDT 2008
newcomer Fri Aug 15 11:42:10 EDT 2008
fway Fri Aug 22 11:10:08 EDT 2008
sdunlap Fri Aug 22 13:31:40 EDT 2008
kevinc Fri Aug 22 13:34:28 EDT 2008
sdunlap Fri Aug 22 13:40:32 EDT 2008
llong Fri Aug 22 15:56:12 EDT 2008
llong Fri Aug 22 17:21:05 EDT 2008
sdunlap Fri Sep 12 12:30:48 EDT 2008
sdunlap Fri Sep 12 14:54:36 EDT 2008
sdunlap Fri Sep 12 15:03:10 EDT 2008
sdunlap Fri Sep 12 16:26:14 EDT 2008
sdunlap Fri Sep 12 16:32:13 EDT 2008
dpullen Fri Sep 12 17:02:23 EDT 2008
dpullen Fri Sep 12 17:10:28 EDT 2008
dpullen Fri Sep 12 17:14:10 EDT 2008
dpullen Fri Sep 12 17:16:51 EDT 2008
dpullen Fri Sep 12 17:22:00 EDT 2008
dpullen Fri Sep 12 17:26:34 EDT 2008
dpullen Fri Sep 12 18:08:09 EDT 2008
dpullen Fri Sep 12 18:09:06 EDT 2008
dpullen Fri Sep 12 18:11:24 EDT 2008
dpullen Fri Sep 12 18:12:10 EDT 2008
dpullen Sat Sep 13 07:36:45 EDT 2008
dpullen Sat Sep 13 07:48:51 EDT 2008
dpullen Sat Sep 13 08:27:55 EDT 2008
dpullen Sat Sep 13 08:33:41 EDT 2008
dpullen Sat Sep 13 08:53:36 EDT 2008
dpullen Sat Sep 13 08:56:19 EDT 2008
dpullen Sat Sep 13 10:46:53 EDT 2008
dpullen Sat Sep 13 10:52:30 EDT 2008
dpullen Sat Sep 13 14:03:42 EDT 2008
dpullen Sun Sep 14 08:10:20 EDT 2008
dpullen Mon Sep 15 06:08:45 EDT 2008
dpullen Mon Sep 15 06:10:15 EDT 2008
dpullen Mon Sep 15 09:01:22 EDT 2008
dpullen Mon Sep 15 09:12:25 EDT 2008
sdunlap Mon Sep 15 09:27:10 EDT 2008
dpullen Mon Sep 15 09:28:48 EDT 2008
dpullen Mon Sep 15 09:34:50 EDT 2008
dpullen Mon Sep 15 09:46:41 EDT 2008
sdunlap Mon Sep 15 09:46:48 EDT 2008
dpullen Mon Sep 15 10:41:28 EDT 2008
dpullen Mon Sep 15 10:52:23 EDT 2008
dpullen Mon Sep 15 10:55:10 EDT 2008
dpullen Mon Sep 15 10:57:38 EDT 2008
dpullen Mon Sep 15 11:07:34 EDT 2008
dpullen Mon Sep 15 11:25:13 EDT 2008
dpullen Mon Sep 15 11:27:21 EDT 2008
dpullen Mon Sep 15 16:49:50 EDT 2008
dpullen Mon Sep 15 17:51:11 EDT 2008
dpullen Mon Sep 15 19:27:57 EDT 2008
dpullen Tue Sep 16 06:26:47 EDT 2008
dpullen Tue Sep 16 06:27:41 EDT 2008
dpullen Tue Sep 16 06:30:55 EDT 2008
dpullen Tue Sep 16 06:31:40 EDT 2008
dpullen Tue Sep 16 06:32:41 EDT 2008
dpullen Tue Sep 16 15:55:40 EDT 2008
dpullen Tue Sep 16 16:27:44 EDT 2008
dpullen Fri Sep 19 08:58:35 EDT 2008
dpullen Fri Sep 19 09:09:45 EDT 2008
msieweke Tue Oct 14 18:24:33 EDT 2008
msieweke Mon Mar 23 18:03:24 EDT 2009
fway Thu May  7 11:18:54 EDT 2009
fway Thu May  7 11:19:17 EDT 2009
fway Thu May  7 11:59:31 EDT 2009
fway Thu May  7 12:11:23 EDT 2009
fway Thu May  7 12:15:41 EDT 2009
fway Thu May  7 12:22:35 EDT 2009
fway Thu May  7 12:28:59 EDT 2009
newcomer Wed May 13 13:23:47 EDT 2009
fway Fri May 15 11:45:09 EDT 2009
fway Fri May 15 11:47:35 EDT 2009
fway Fri May 15 11:50:20 EDT 2009
fway Fri May 15 15:11:20 EDT 2009
sdunlap Mon Jun  8 13:26:07 EDT 2009
sdunlap Mon Jun  8 13:32:23 EDT 2009
sdunlap Fri Sep  4 14:23:11 EDT 2009
sdunlap Fri Sep  4 15:24:00 EDT 2009
sdunlap Fri Sep  4 15:45:47 EDT 2009
msieweke Fri Sep 25 13:45:11 EDT 2009
msieweke Fri Sep 25 14:36:39 EDT 2009
sdunlap Tue Apr 20 13:13:25 EDT 2010
sdunlap Tue Apr 20 13:13:30 EDT 2010
sdunlap Tue Apr 27 16:02:05 EDT 2010
sdunlap Fri Oct  8 12:14:33 EDT 2010
sdunlap Fri Oct  8 12:14:58 EDT 2010
sdunlap Fri Oct  8 12:34:39 EDT 2010
sdunlap Fri Oct  8 12:37:12 EDT 2010
sdunlap Fri Oct  8 12:47:18 EDT 2010
sdunlap Fri Oct  8 13:04:46 EDT 2010
sdunlap Fri Oct  8 13:19:04 EDT 2010
sdunlap Fri Oct  8 13:48:26 EDT 2010
sdunlap Fri Oct  8 13:56:08 EDT 2010
sdunlap Fri Oct  8 13:56:31 EDT 2010
sdunlap Fri Oct  8 13:58:10 EDT 2010
sdunlap Fri Oct 15 14:31:00 EDT 2010
sdunlap Fri Oct 15 14:43:44 EDT 2010
sdunlap Mon Oct 18 12:01:04 EDT 2010
sdunlap Mon Oct 18 12:07:51 EDT 2010
sdunlap Tue Oct 19 13:37:51 EDT 2010
sdunlap Tue Oct 19 13:51:43 EDT 2010
sdunlap Wed Oct 20 11:00:57 EDT 2010
sdunlap Wed Oct 20 11:08:52 EDT 2010
sdunlap Wed Oct 20 11:09:04 EDT 2010
sdunlap Mon Oct 25 18:10:20 EDT 2010
sdunlap Tue Oct 26 10:59:57 EDT 2010
sdunlap Tue Nov  2 14:52:07 EDT 2010
sdunlap Wed Nov  3 10:20:55 EDT 2010
sdunlap Wed Nov  3 10:21:54 EDT 2010
sdunlap Wed Nov  3 15:00:58 EDT 2010
sdunlap Wed Nov  3 15:02:13 EDT 2010
sdunlap Wed Nov  3 15:17:37 EDT 2010
sdunlap Thu Nov  4 13:37:18 EDT 2010
sdunlap Thu Nov  4 13:39:10 EDT 2010
sdunlap Thu Nov  4 13:50:35 EDT 2010
sdunlap Fri Nov  5 11:23:29 EDT 2010
sdunlap Fri Nov  5 14:15:20 EDT 2010
sdunlap Mon Nov  8 10:01:20 EST 2010
sdunlap Mon Nov  8 14:52:40 EST 2010
sdunlap Mon Nov  8 14:58:03 EST 2010
sdunlap Wed Nov 10 13:21:58 EST 2010
sdunlap Wed Nov 10 13:22:15 EST 2010
sdunlap Thu Nov 11 10:03:41 EST 2010
sdunlap Thu Nov 11 10:04:33 EST 2010
sdunlap Thu Nov 11 10:04:35 EST 2010
sdunlap Mon Nov 15 15:57:55 EST 2010
sdunlap Tue Nov 16 15:18:18 EST 2010
sdunlap Tue Nov 16 15:38:59 EST 2010
sdunlap Wed Dec  1 12:39:23 EST 2010
sdunlap Tue Dec 14 09:35:05 EST 2010
sdunlap Tue Dec 14 10:47:42 EST 2010
sdunlap Tue Dec 14 10:58:05 EST 2010
sdunlap Thu Feb  3 13:17:48 EST 2011
sdunlap Thu Feb  3 13:38:17 EST 2011
sdunlap Wed Feb  9 15:38:41 EST 2011
sdunlap Thu Feb 10 13:12:40 EST 2011
sdunlap Thu Feb 10 13:48:22 EST 2011
sdunlap Fri Feb 11 10:44:25 EST 2011
sdunlap Fri Mar 25 11:46:07 EDT 2011
sdunlap Fri Mar 25 11:46:13 EDT 2011
sdunlap Fri Mar 25 11:47:38 EDT 2011
sdunlap Fri Mar 25 12:34:47 EDT 2011
sdunlap Fri Apr 22 15:49:16 EDT 2011
sdunlap Mon Jul 18 11:48:23 EDT 2011
sdunlap Mon Jul 18 12:51:45 EDT 2011
sdunlap Mon Jul 18 13:19:14 EDT 2011
sdunlap Tue Jul 19 11:15:16 EDT 2011
sdunlap Tue Jul 19 11:24:16 EDT 2011
sdunlap Tue Jul 26 12:42:43 EDT 2011
sdunlap Tue Jul 26 14:31:29 EDT 2011
sdunlap Tue Jul 26 14:32:44 EDT 2011
sdunlap Fri Jul 29 11:05:36 EDT 2011
sdunlap Fri Jul 29 14:12:11 EDT 2011
sdunlap Wed Aug 10 14:51:06 EDT 2011
sdunlap Tue Aug 16 16:18:14 EDT 2011
sdunlap Tue Aug 16 16:44:08 EDT 2011
sdunlap Tue Aug 16 16:47:23 EDT 2011
sdunlap Tue Aug 16 17:09:28 EDT 2011
sdunlap Wed Aug 17 11:05:41 EDT 2011
sdunlap Wed Aug 17 11:42:49 EDT 2011
sdunlap Wed Aug 17 11:48:19 EDT 2011
sdunlap Wed Aug 17 16:42:36 EDT 2011
sdunlap Thu Aug 18 12:13:09 EDT 2011
sdunlap Thu Sep 15 13:17:22 EDT 2011
sdunlap Tue Sep 27 09:49:04 EDT 2011
sdunlap Tue Sep 27 09:51:07 EDT 2011
sdunlap Thu Sep 29 14:18:46 EDT 2011
sdunlap Thu Sep 29 14:29:35 EDT 2011
sdunlap Thu Sep 29 14:37:38 EDT 2011
sdunlap Mon Oct  3 13:24:17 EDT 2011
sdunlap Mon Oct  3 15:02:28 EDT 2011
sdunlap Fri Oct  7 11:55:52 EDT 2011
sdunlap Fri Oct  7 14:24:02 EDT 2011
sdunlap Thu Nov  3 13:32:06 EDT 2011
sdunlap Thu Nov  3 13:55:13 EDT 2011
sdunlap Thu Nov  3 14:21:36 EDT 2011
sdunlap Thu Nov  3 14:28:32 EDT 2011
sdunlap Fri Nov  4 14:32:30 EDT 2011
sdunlap Fri Nov  4 14:32:58 EDT 2011
sdunlap Fri Nov  4 14:34:37 EDT 2011
sdunlap Fri Nov  4 14:34:48 EDT 2011
sdunlap Fri Nov  4 14:37:22 EDT 2011
sdunlap Fri Nov  4 15:38:43 EDT 2011
sdunlap Tue Nov  8 10:00:27 EST 2011
sdunlap Thu Nov 10 16:54:04 EST 2011
sdunlap Thu Nov 10 17:06:43 EST 2011
sdunlap Wed Nov 16 15:54:51 EST 2011
sdunlap Wed Nov 16 16:04:04 EST 2011
sdunlap Wed Nov 16 16:04:23 EST 2011
sdunlap Wed Nov 16 16:39:46 EST 2011
sdunlap Thu Nov 17 13:11:04 EST 2011
sdunlap Thu Nov 17 13:19:25 EST 2011
sdunlap Thu Nov 17 13:42:56 EST 2011
sdunlap Mon Nov 28 10:45:31 EST 2011
sdunlap Mon Nov 28 10:53:51 EST 2011
sdunlap Mon Nov 28 14:21:59 EST 2011
sdunlap Tue Nov 29 16:06:57 EST 2011
sdunlap Thu Dec  1 10:13:33 EST 2011
sdunlap Thu Dec  1 10:13:44 EST 2011
sdunlap Thu Dec  1 10:14:24 EST 2011
sdunlap Fri Dec  2 11:41:10 EST 2011
sdunlap Fri Dec  2 11:41:32 EST 2011
sdunlap Mon Dec  5 09:05:20 EST 2011
sdunlap Mon Dec  5 09:05:33 EST 2011
sdunlap Mon Dec  5 09:10:16 EST 2011
sdunlap Mon Dec  5 09:10:21 EST 2011
sdunlap Mon Dec  5 10:02:49 EST 2011
sdunlap Mon Dec  5 10:02:58 EST 2011
sdunlap Mon Dec  5 10:03:45 EST 2011
sdunlap Thu Dec  8 11:58:12 EST 2011
sdunlap Thu Dec  8 12:10:04 EST 2011
sdunlap Thu Dec 15 14:25:53 EST 2011
sdunlap Fri Dec 16 12:45:11 EST 2011
sdunlap Fri Dec 16 14:37:17 EST 2011
sdunlap Tue Jan 10 10:17:00 EST 2012
sdunlap Tue Jan 10 11:15:48 EST 2012
sdunlap Thu Jan 12 13:39:27 EST 2012
sdunlap Fri Jan 13 12:55:23 EST 2012
sdunlap Thu Jan 19 09:47:00 EST 2012
sdunlap Fri Jan 20 16:31:12 EST 2012
sdunlap Mon Jan 23 11:13:26 EST 2012
sdunlap Mon Jan 23 15:43:56 EST 2012
sdunlap Mon Jan 23 16:22:23 EST 2012
sdunlap Mon Jan 23 16:40:17 EST 2012
sdunlap Tue Jan 24 14:20:25 EST 2012
sdunlap Wed Jan 25 13:30:25 EST 2012
sdunlap Fri Jan 27 12:11:53 EST 2012
sdunlap Fri Jan 27 12:13:12 EST 2012
sdunlap Fri Jan 27 12:14:17 EST 2012
sdunlap Fri Jan 27 12:15:02 EST 2012
sdunlap Fri Jan 27 12:16:24 EST 2012
sdunlap Mon Jan 30 15:45:27 EST 2012
sdunlap Tue Jan 31 12:17:56 EST 2012
sdunlap Tue Jan 31 13:33:26 EST 2012
sdunlap Tue Jan 31 15:17:54 EST 2012
fway Thu Feb  2 11:49:57 EST 2012
fway Thu Feb  2 11:51:14 EST 2012
fway Thu Feb  2 12:20:11 EST 2012
fway Thu Feb  2 12:21:00 EST 2012
fway Thu Feb  2 12:21:36 EST 2012
fway Thu Feb  2 12:22:01 EST 2012
fway Thu Feb  2 13:41:12 EST 2012
sdunlap Fri Feb  3 16:03:12 EST 2012
fway Fri Feb  3 16:33:07 EST 2012
sdunlap Wed Feb  8 12:59:33 EST 2012
sdunlap Fri Feb 10 10:44:37 EST 2012
sdunlap Fri Feb 10 11:07:25 EST 2012
sdunlap Wed Feb 15 13:05:43 EST 2012
sdunlap Thu Feb 16 15:58:48 EST 2012
sdunlap Thu Feb 16 15:58:53 EST 2012
sdunlap Thu Feb 16 16:21:43 EST 2012
sdunlap Thu Feb 16 16:21:54 EST 2012
newcomer Wed Feb 22 16:57:23 EST 2012
newcomer Wed Feb 22 17:03:51 EST 2012
sdunlap Thu Mar 22 09:59:17 EDT 2012
llong Thu Mar 22 14:24:35 EDT 2012
llong Thu Mar 22 16:02:42 EDT 2012
sdunlap Fri Mar 23 15:40:14 EDT 2012
fway Fri Apr 13 11:41:33 EDT 2012
fway Mon May  7 17:50:01 EDT 2012
fway Thu Jun  7 14:51:45 EDT 2012
fway Mon Jul 16 17:35:57 EDT 2012
fway Mon Jul 16 18:07:29 EDT 2012
newcomer Tue Sep 25 11:59:48 EDT 2012
fway Wed Oct 10 10:40:10 EDT 2012
fway Wed Oct 10 18:35:08 EDT 2012
newcomer Thu Oct 11 14:22:06 EDT 2012
fway Fri Oct 12 14:09:49 EDT 2012
fway Fri Oct 12 14:10:53 EDT 2012
fway Thu Oct 18 19:48:41 EDT 2012
fway Fri Oct 19 12:17:14 EDT 2012
fway Mon Oct 29 16:02:08 EDT 2012
fway Mon Nov  5 11:40:56 EST 2012
fway Mon Nov  5 11:47:55 EST 2012
fway Mon Nov  5 11:56:15 EST 2012
fway Mon Nov  5 12:08:50 EST 2012
fway Mon Nov  5 17:46:41 EST 2012
newcomer Tue Nov  6 14:49:03 EST 2012
sdunlap Tue Mar  5 11:57:30 EST 2013
newcomer Wed May  8 15:47:56 EDT 2013
dpullen Thu May 23 16:02:51 EDT 2013
newcomer Mon Jun  3 17:12:34 EDT 2013
dpullen Thu Nov 21 10:23:14 EST 2013
sdunlap Tue Nov 26 14:08:13 EST 2013
sdunlap Fri Dec 13 10:45:20 EST 2013
sdunlap Mon Jan  6 14:08:39 EST 2014
dpullen Thu Oct 23 15:38:07 EDT 2014
dpullen Mon Aug  3 09:54:21 EDT 2015
sdunlap Fri Sep  4 12:05:09 EDT 2015
sdunlap Thu Oct  1 13:36:20 EDT 2015
sdunlap Fri Oct  9 07:34:55 EDT 2015
sdunlap Mon Oct 19 17:58:42 EDT 2015
sdunlap Tue Feb 23 12:20:40 EST 2016
sdunlap Thu Mar 10 10:51:54 EST 2016
sdunlap Tue May 17 17:30:53 EDT 2016
sdunlap Thu Jun  9 15:52:29 EDT 2016
sdunlap Fri Jun 10 13:16:30 EDT 2016
sdunlap Tue Jun 14 14:23:09 EDT 2016
sdunlap Tue Aug 23 09:45:41 EDT 2016
sdunlap Mon Sep 26 09:50:18 EDT 2016
sdunlap Tue Sep 27 11:06:44 EDT 2016
sdunlap Thu Sep 29 12:15:48 EDT 2016
